<?xml version="1.0" encoding="UTF-8"?>
<!-- Generated by org.testng.reporters.JUnitReportReporter -->
<testsuite hostname="DESKTOP-U77UADM" failures="0" tests="1" name="com.tests.LockedOutUserTest" time="0.776" errors="0" timestamp="2025-02-13T21:57:34 BDT" skipped="0">
  <testcase classname="com.tests.LockedOutUserTest" name="verifyLockedOutUserCannotLogin" time="0.776"/>
</testsuite> <!-- com.tests.LockedOutUserTest -->
