<?xml version="1.0" encoding="UTF-8"?>
<!-- Generated by org.testng.reporters.JUnitReportReporter -->
<testsuite hostname="DESKTOP-U77UADM" failures="0" tests="1" name="com.tests.LogOutTest" time="5.071" errors="0" timestamp="2025-02-13T21:37:57 BDT" skipped="0">
  <testcase classname="com.tests.LogOutTest" name="logout" time="5.071"/>
</testsuite> <!-- com.tests.LogOutTest -->
