<?xml version="1.0" encoding="UTF-8"?>
<!-- Generated by org.testng.reporters.JUnitReportReporter -->
<testsuite hostname="DESKTOP-U77UADM" failures="0" tests="1" name="com.tests.SortingTest" time="4.375" errors="0" timestamp="2025-02-13T23:25:15 BDT" skipped="0">
  <testcase classname="com.tests.SortingTest" name="testSortingByHighToLow" time="4.375"/>
</testsuite> <!-- com.tests.SortingTest -->
