<?xml version="1.0" encoding="UTF-8"?>
<!-- Generated by org.testng.reporters.JUnitReportReporter -->
<testsuite hostname="DESKTOP-U77UADM" failures="0" tests="1" name="com.tests.CheckoutTest" time="20.261" errors="0" timestamp="2025-02-13T20:55:54 BDT" skipped="0">
  <testcase classname="com.tests.CheckoutTest" name="testCheckoutProcess" time="20.261"/>
</testsuite> <!-- com.tests.CheckoutTest -->
